[2026-02-02 22:52:58,146] - root - INFO - Entered initiate_scrape_new_link method
[2026-02-02 22:52:58,983] - root - INFO - Complete Pages --> 0
[2026-02-02 22:52:59,961] - root - INFO - Complete Pages --> 1
[2026-02-02 22:53:00,949] - root - INFO - Complete Pages --> 2
[2026-02-02 22:53:01,998] - root - INFO - Complete Pages --> 3
[2026-02-02 22:53:03,006] - root - INFO - Complete Pages --> 4
[2026-02-02 22:53:04,072] - root - INFO - Complete Pages --> 5
[2026-02-02 22:53:05,085] - root - INFO - Complete Pages --> 6
[2026-02-02 22:53:06,083] - root - INFO - Complete Pages --> 7
[2026-02-02 22:53:07,045] - root - INFO - Complete Pages --> 8
[2026-02-02 22:53:08,008] - root - INFO - Complete Pages --> 9
[2026-02-02 22:53:09,129] - root - INFO - Complete Pages --> 10
[2026-02-02 22:53:10,160] - root - INFO - Complete Pages --> 11
[2026-02-02 22:53:11,139] - root - INFO - Complete Pages --> 12
[2026-02-02 22:53:12,082] - root - INFO - Complete Pages --> 13
[2026-02-02 22:53:13,016] - root - INFO - Complete Pages --> 14
[2026-02-02 22:53:14,030] - root - INFO - Complete Pages --> 15
[2026-02-02 22:53:15,076] - root - INFO - Complete Pages --> 16
[2026-02-02 22:53:16,026] - root - INFO - Complete Pages --> 17
[2026-02-02 22:53:17,037] - root - INFO - Complete Pages --> 18
[2026-02-02 22:53:18,041] - root - INFO - Complete Pages --> 19
[2026-02-02 22:53:18,041] - root - INFO - Total Links 380
[2026-02-02 22:53:18,042] - root - INFO - Links DataFrame shape =>  (380, 1)
[2026-02-02 22:53:18,042] - root - INFO - Entered Fileter_new_link method
[2026-02-02 22:53:18,054] - root - INFO - base dataframe Loaded....
[2026-02-02 22:53:18,055] - root - INFO - filterd DataFrame Shape (0, 1)
