[2026-02-02 22:39:25,959] - root - INFO - Entered initiate_scrape_new_link method
[2026-02-02 22:39:26,924] - root - INFO - Complete Pages --> 0
[2026-02-02 22:39:27,883] - root - INFO - Complete Pages --> 1
[2026-02-02 22:39:28,858] - root - INFO - Complete Pages --> 2
[2026-02-02 22:39:29,849] - root - INFO - Complete Pages --> 3
[2026-02-02 22:39:30,840] - root - INFO - Complete Pages --> 4
[2026-02-02 22:39:31,900] - root - INFO - Complete Pages --> 5
[2026-02-02 22:39:32,882] - root - INFO - Complete Pages --> 6
[2026-02-02 22:39:33,888] - root - INFO - Complete Pages --> 7
[2026-02-02 22:39:34,890] - root - INFO - Complete Pages --> 8
[2026-02-02 22:39:35,903] - root - INFO - Complete Pages --> 9
[2026-02-02 22:39:37,054] - root - INFO - Complete Pages --> 10
[2026-02-02 22:39:38,071] - root - INFO - Complete Pages --> 11
[2026-02-02 22:39:39,101] - root - INFO - Complete Pages --> 12
[2026-02-02 22:39:40,191] - root - INFO - Complete Pages --> 13
[2026-02-02 22:39:41,238] - root - INFO - Complete Pages --> 14
[2026-02-02 22:39:42,266] - root - INFO - Complete Pages --> 15
[2026-02-02 22:39:43,339] - root - INFO - Complete Pages --> 16
[2026-02-02 22:39:44,320] - root - INFO - Complete Pages --> 17
[2026-02-02 22:39:45,317] - root - INFO - Complete Pages --> 18
[2026-02-02 22:39:46,299] - root - INFO - Complete Pages --> 19
[2026-02-02 22:39:46,299] - root - INFO - Total Links 380
[2026-02-02 22:39:46,300] - root - INFO - Links DataFrame shape =>  (380, 1)
[2026-02-02 22:39:46,300] - root - INFO - Entered Fileter_new_link method
[2026-02-02 22:39:46,313] - root - INFO - base dataframe Loaded....
[2026-02-02 22:39:46,315] - root - INFO - filtered data frame successfully
[2026-02-02 22:39:46,316] - root - INFO - Entered ScrapData
[2026-02-02 22:39:46,316] - root - INFO - Enterd initiate_scrap_data
[2026-02-02 22:40:09,691] - root - INFO - New Data Frame Shape => (38, 7)
[2026-02-02 22:40:09,692] - root - INFO -  Entered initiate_upload_to_mongo
[2026-02-02 22:40:09,692] - root - INFO - Connecting To Mongo DB.....
[2026-02-02 22:40:10,128] - root - INFO - Connected To Mongo DB
[2026-02-02 22:40:10,128] - root - INFO - Entered convert_df_to_json
[2026-02-02 22:40:10,130] - root - INFO - Converting Successful....
[2026-02-02 22:40:10,130] - root - INFO - Successfully Converted DataFrame To Json
[2026-02-02 22:40:11,041] - root - INFO - Uploaded Data to the Data Base Successfully...
[2026-02-02 22:40:11,067] - root - INFO - New Link Data Shape(38, 1)
 Base Data Shape(10724, 1)
[2026-02-02 22:40:11,085] - root - INFO - 38
