[2026-02-02 22:45:07,454] - root - INFO - Entered initiate_scrape_new_link method
[2026-02-02 22:45:08,338] - root - INFO - Complete Pages --> 0
[2026-02-02 22:45:09,307] - root - INFO - Complete Pages --> 1
[2026-02-02 22:45:10,287] - root - INFO - Complete Pages --> 2
[2026-02-02 22:45:11,323] - root - INFO - Complete Pages --> 3
[2026-02-02 22:45:12,294] - root - INFO - Complete Pages --> 4
[2026-02-02 22:45:13,262] - root - INFO - Complete Pages --> 5
[2026-02-02 22:45:14,260] - root - INFO - Complete Pages --> 6
[2026-02-02 22:45:15,223] - root - INFO - Complete Pages --> 7
[2026-02-02 22:45:16,223] - root - INFO - Complete Pages --> 8
[2026-02-02 22:45:17,196] - root - INFO - Complete Pages --> 9
[2026-02-02 22:45:18,293] - root - INFO - Complete Pages --> 10
[2026-02-02 22:45:19,297] - root - INFO - Complete Pages --> 11
[2026-02-02 22:45:20,321] - root - INFO - Complete Pages --> 12
[2026-02-02 22:45:21,322] - root - INFO - Complete Pages --> 13
[2026-02-02 22:45:22,333] - root - INFO - Complete Pages --> 14
[2026-02-02 22:45:23,303] - root - INFO - Complete Pages --> 15
[2026-02-02 22:45:24,392] - root - INFO - Complete Pages --> 16
[2026-02-02 22:45:25,461] - root - INFO - Complete Pages --> 17
[2026-02-02 22:45:26,454] - root - INFO - Complete Pages --> 18
[2026-02-02 22:45:27,449] - root - INFO - Complete Pages --> 19
[2026-02-02 22:45:27,449] - root - INFO - Total Links 380
[2026-02-02 22:45:27,449] - root - INFO - Links DataFrame shape =>  (380, 1)
[2026-02-02 22:45:27,449] - root - INFO - Entered Fileter_new_link method
[2026-02-02 22:45:27,573] - root - INFO - base dataframe Loaded....
[2026-02-02 22:45:27,575] - root - INFO - filtered data frame successfully
[2026-02-02 22:45:27,577] - root - INFO - Entered ScrapData
[2026-02-02 22:45:27,577] - root - INFO - Enterd initiate_scrap_data
[2026-02-02 22:45:27,578] - root - INFO - New Data Frame Shape => (0, 7)
[2026-02-02 22:45:27,578] - root - INFO -  Entered initiate_upload_to_mongo
[2026-02-02 22:45:27,578] - root - INFO - Connecting To Mongo DB.....
[2026-02-02 22:45:28,702] - root - INFO - Connected To Mongo DB
[2026-02-02 22:45:28,702] - root - INFO - Entered convert_df_to_json
[2026-02-02 22:45:28,703] - root - INFO - Converting Successful....
[2026-02-02 22:45:28,703] - root - INFO - Successfully Converted DataFrame To Json
[2026-02-02 22:45:28,703] - root - WARNING - Data Cannot Upload To The Mongo DB
